/*C2*/SET SCHEMA PUBLIC
INSERT INTO BACKGROUND VALUES('background_16_Joueur','Background\bkg1.jpg','Background\bkg2.jpg','Background\bkg3.jpg','Background\bkg4.jpg','Background\bkg5.jpg')
COMMIT
DELETE FROM EVENT WHERE NOM='eventExample'
INSERT INTO EVENT VALUES('eventExample','background_16_Joueur')
COMMIT
DELETE FROM EVENT WHERE NOM='eventExample'
INSERT INTO EVENT VALUES('eventExample','backgroundExample')
COMMIT
DELETE FROM EVENT WHERE NOM='Event_16_Joueur'
INSERT INTO EVENT VALUES('Event_16_Joueur','background_16_Joueur')
COMMIT
CREATE TABLE List_16_Joueur (id int PRIMARY KEY, Sexe varchar(15), Nom varchar(100), Prenom varchar(100),NomAfficher varchar(100), Nat varchar(10), Birthdate varchar(50),ImgJoueur varchar(255), Ranking int, height varchar(10), hand varchar(25), age varchar(10),weight varchar(20), PRIZETOTAL varchar(60),BIRTHPLACE varchar(200),CITYRESIDENCE varchar(200),FOREIGN KEY (Nat) REFERENCES Flag(NomAcro))
INSERT INTO LIST_16_JOUEUR VALUES(1,'Men','Alcaraz','Carlos','Alcaraz C.','ESP','05/05/2003','PlayersImages\Alcaraz_C.png',3,'183','right-handed','21','68','26286108\u20ac','El Palmar, Murcia, Spain','El Palmar, Murcia, Spain')
COMMIT
INSERT INTO LIST_16_JOUEUR VALUES(2,'Men','Sinner','Jannik','Sinner J.','ITA','16/08/2001','PlayersImages\Sinner_J.png',1,'188','right-handed','22','68','18504804\u20ac','San Candido, Italy','Monte Carlo, Monaco')
COMMIT
INSERT INTO LIST_16_JOUEUR VALUES(3,'Men','Djokovic','Novak','Djokovic N.','SRB','22/05/1987','PlayersImages\Djokovic_N.png',2,'188','right-handed','37','77','152079141\u20ac','Belgrade, Serbia','Monte Carlo, Monaco')
COMMIT
INSERT INTO LIST_16_JOUEUR VALUES(4,'Men','Zverev','Alexander','Zverev A.','DEU','20/04/1997','PlayersImages\Zverev_A.png',4,'198','right-handed','27','90','35984495\u20ac','Hamburg, Germany','Monte Carlo, Monaco')
COMMIT
INSERT INTO LIST_16_JOUEUR VALUES(5,'Men','Medvedev','Daniil','Medvedev D.','RUS','11/02/1996','PlayersImages\Medvedev_D.png',5,'198','right-handed','28','83','34176534\u20ac','Moscow, Russia','Monte Carlo, Monaco')
COMMIT
INSERT INTO LIST_16_JOUEUR VALUES(6,'Men','de Minaur','Alex','de Minaur A.','AUS','17/02/1999','PlayersImages\de_Minaur_A.png',6,'183','right-handed','25','69','11367050\u20ac','Sydney, Australia','Alicante, Spain')
COMMIT
INSERT INTO LIST_16_JOUEUR VALUES(7,'Men','Hurkacz','Hubert','Hurkacz H.','POL','11/02/1997','PlayersImages\Hurkacz_H.png',7,'196','right-handed','27','81','12882811\u20ac','Wroclaw, Poland','Wroclaw, Poland')
COMMIT
INSERT INTO LIST_16_JOUEUR VALUES(8,'Men','Ruud','Casper','Ruud C.','NOR','22/12/1998','PlayersImages\Ruud_C.png',9,'183','right-handed','25','77','16409417\u20ac','Oslo, Norway','Oslo, Norway')
COMMIT
INSERT INTO LIST_16_JOUEUR VALUES(9,'Men','Rublev','Andrey','Rublev A.','RUS','20/10/1997','PlayersImages\Rublev_A.png',6,'188','right-handed','26','70','19806908\u20ac','Moscow, Russia','Moscow, Russia')
COMMIT
INSERT INTO LIST_16_JOUEUR VALUES(10,'Men','Dimitrov','Grigor','Dimitrov G.','BGR','16/05/1991','PlayersImages\Dimitrov_G.png',10,'191','right-handed','33','81','22490271\u20ac','Haskovo, Bulgaria','Monte Carlo, Monaco')
COMMIT
INSERT INTO LIST_16_JOUEUR VALUES(11,'Men','Fritz','Taylor','Fritz T.','USA','28/10/1997','PlayersImages\Fritz_T.png',11,'196','right-handed','26','86','13413677\u20ac','Rancho Santa Fe, CA, USA','Rancho Palos Verdes, CA, USA')
COMMIT
INSERT INTO LIST_16_JOUEUR VALUES(12,'Men','Tsitsipas','Stefanos','Tsitsipas S.','GRC','12/08/1998','PlayersImages\Tsitsipas_S.png',12,'193','right-handed','25','85','26164983\u20ac','Athens, Greece','Nicosia, Cyprus')
COMMIT
INSERT INTO LIST_16_JOUEUR VALUES(13,'Men','Paul','Jakub','Paul J.','CHE','17/05/1997','clear.png',480,'0','right-handed','27','0','','','')
COMMIT
INSERT INTO LIST_16_JOUEUR VALUES(14,'Men','Shelton','Ben','Shelton B.','USA','09/10/2002','PlayersImages\Shelton_B.png',14,'193','left-handed','21','0','3199376\u20ac','Atlanta, GA, USA',' ')
COMMIT
INSERT INTO LIST_16_JOUEUR VALUES(15,'Men','Humbert','Ugo','Humbert U.','FRA','26/06/1998','PlayersImages\Humbert_U.png',15,'188','left-handed','26','72','5431094\u20ac','Metz, France','Luxembourg')
COMMIT
INSERT INTO LIST_16_JOUEUR VALUES(16,'Men','Musetti','Lorenzo','Musetti L.','ITA','03/03/2002','PlayersImages\Musetti_L.png',16,'185','right-handed','22','75','5019770\u20ac','Carrara, Italy','Carrara')
COMMIT
DELETE FROM LIST_16_JOUEUR WHERE ID=13
COMMIT
INSERT INTO LIST_16_JOUEUR VALUES(17,'Men','Celikbilek','Altu\u011f','Celikbilek A.','TUR','01/01/2000','PlayersImages\Gasquet_R.png',386,'1555','right-handed','24','66','8523698','Lodz','Tunis')
COMMIT
